<?xml version="1.0" encoding="UTF-8"?>
<testsuite name="DroneMedicationAPIApplicationTest" tests="1" skipped="0" failures="0" errors="0" timestamp="2024-04-23T09:50:25" hostname="WIN-PK97IO7J39D" time="16.46">
  <properties/>
  <testcase name="start" classname="DroneMedicationAPIApplicationTest" time="16.46"/>
  <system-out><![CDATA[?[1;31m
Start test 1?[0m
?[0;34m
?[0m?[0;34m  .   ____          _            __ _ _
?[0m?[0;34m /\\ / ___'_ __ _ _(_)_ __  __ _ \ \ \ \
?[0m?[0;34m( ( )\___ | '_ | '_| | '_ \/ _` | \ \ \ \
?[0m?[0;34m \\/  ___)| |_)| | | | | || (_| |  ) ) ) )
?[0m?[0;34m  '  |____| .__|_| |_|_| |_\__, | / / / /
?[0m?[0;34m =========|_|==============|___/=/_/_/_/
?[0m?[0;34m :: Spring Boot ::                (v2.5.6)
?[0m?[0;34m
?[0m?[0;34m2024-04-23 14:50:26.908  INFO 4580 --- [    Test worker] DroneMed.DroneMedicationAPIApplication   : Starting DroneMedicationAPIApplication using Java 17.0.10 on WIN-PK97IO7J39D with PID 4580 (started by User in D:\JetBrainsWork\Drone Medication API\Drone Medication API\task)
?[0m?[0;34m2024-04-23 14:50:26.916  INFO 4580 --- [    Test worker] DroneMed.DroneMedicationAPIApplication   : No active profile set, falling back to default profiles: default
?[0m?[0;34m2024-04-23 14:50:28.855  INFO 4580 --- [    Test worker] .s.d.r.c.RepositoryConfigurationDelegate : Bootstrapping Spring Data JPA repositories in DEFAULT mode.
?[0m?[0;34m2024-04-23 14:50:28.955  INFO 4580 --- [    Test worker] .s.d.r.c.RepositoryConfigurationDelegate : Finished Spring Data repository scanning in 81 ms. Found 5 JPA repository interfaces.
?[0m?[0;34m2024-04-23 14:50:30.061  INFO 4580 --- [    Test worker] o.s.b.w.embedded.tomcat.TomcatWebServer  : Tomcat initialized with port(s): 28852 (http)
?[0m?[0;34m2024-04-23 14:50:30.085  INFO 4580 --- [    Test worker] o.apache.catalina.core.StandardService   : Starting service [Tomcat]
?[0m?[0;34m2024-04-23 14:50:30.087  INFO 4580 --- [    Test worker] org.apache.catalina.core.StandardEngine  : Starting Servlet engine: [Apache Tomcat/9.0.54]
?[0m?[0;34m2024-04-23 14:50:30.311  INFO 4580 --- [    Test worker] o.a.c.c.C.[Tomcat].[localhost].[/]       : Initializing Spring embedded WebApplicationContext
?[0m?[0;34m2024-04-23 14:50:30.311  INFO 4580 --- [    Test worker] w.s.c.ServletWebServerApplicationContext : Root WebApplicationContext: initialization completed in 3267 ms
?[0m?[0;34m2024-04-23 14:50:30.533  INFO 4580 --- [    Test worker] com.zaxxer.hikari.HikariDataSource       : HikariPool-1 - Starting...
?[0m?[0;34m2024-04-23 14:50:30.886  INFO 4580 --- [    Test worker] com.zaxxer.hikari.HikariDataSource       : HikariPool-1 - Start completed.
?[0m?[0;34m2024-04-23 14:50:30.898  INFO 4580 --- [    Test worker] o.s.b.a.h2.H2ConsoleAutoConfiguration    : H2 console available at '/h2-console'. Database available at 'jdbc:h2:file:../droneAPI_db'
?[0m?[0;34m2024-04-23 14:50:31.181  INFO 4580 --- [    Test worker] o.hibernate.jpa.internal.util.LogHelper  : HHH000204: Processing PersistenceUnitInfo [name: default]
?[0m?[0;34m2024-04-23 14:50:31.307  INFO 4580 --- [    Test worker] org.hibernate.Version                    : HHH000412: Hibernate ORM core version 5.4.32.Final
?[0m?[0;34m2024-04-23 14:50:31.596  INFO 4580 --- [    Test worker] o.hibernate.annotations.common.Version   : HCANN000001: Hibernate Commons Annotations {5.1.2.Final}
?[0m?[0;34m2024-04-23 14:50:31.814  INFO 4580 --- [    Test worker] org.hibernate.dialect.Dialect            : HHH000400: Using dialect: org.hibernate.dialect.H2Dialect
?[0m?[0;34m2024-04-23 14:50:33.081  INFO 4580 --- [    Test worker] o.h.e.t.j.p.i.JtaPlatformInitiator       : HHH000490: Using JtaPlatform implementation: [org.hibernate.engine.transaction.jta.platform.internal.NoJtaPlatform]
?[0m?[0;34m2024-04-23 14:50:33.094  INFO 4580 --- [    Test worker] j.LocalContainerEntityManagerFactoryBean : Initialized JPA EntityManagerFactory for persistence unit 'default'
?[0m?[0;34m2024-04-23 14:50:34.132  INFO 4580 --- [    Test worker] o.s.s.web.DefaultSecurityFilterChain     : Will secure any request with [org.springframework.security.web.context.request.async.WebAsyncManagerIntegrationFilter@5cb4ba80, org.springframework.security.web.context.SecurityContextPersistenceFilter@4ccf1d3e, org.springframework.security.web.header.HeaderWriterFilter@969c2f9, org.springframework.security.web.authentication.logout.LogoutFilter@711261c7, org.springframework.security.web.authentication.www.BasicAuthenticationFilter@34dda1b4, org.springframework.security.web.savedrequest.RequestCacheAwareFilter@20a7ce0, org.springframework.security.web.servletapi.SecurityContextHolderAwareRequestFilter@276eafad, org.springframework.security.web.authentication.AnonymousAuthenticationFilter@978475b, org.springframework.security.web.session.SessionManagementFilter@1b1d93e9, org.springframework.security.web.access.ExceptionTranslationFilter@625c9248, org.springframework.security.web.access.intercept.AuthorizationFilter@52a23575]
?[0m?[0;34m2024-04-23 14:50:34.226  WARN 4580 --- [    Test worker] JpaBaseConfiguration$JpaWebConfiguration : spring.jpa.open-in-view is enabled by default. Therefore, database queries may be performed during view rendering. Explicitly configure spring.jpa.open-in-view to disable this warning
?[0m?[0;34m2024-04-23 14:50:35.071  INFO 4580 --- [    Test worker] o.s.b.a.e.web.EndpointLinksResolver      : Exposing 15 endpoint(s) beneath base path '/actuator'
?[0m?[0;34m2024-04-23 14:50:35.132  INFO 4580 --- [    Test worker] o.s.b.w.embedded.tomcat.TomcatWebServer  : Tomcat started on port(s): 28852 (http) with context path ''
?[0m?[0;34m2024-04-23 14:50:35.156  INFO 4580 --- [    Test worker] DroneMed.DroneMedicationAPIApplication   : Started DroneMedicationAPIApplication in 9.034 seconds (JVM running for 10.721)
?[0;34m2024-04-23 14:50:35.733  INFO 4580 --- [io-28852-exec-1] o.a.c.c.C.[Tomcat].[localhost].[/]       : Initializing Spring DispatcherServlet 'dispatcherServlet'
?[0m?[0;34m2024-04-23 14:50:35.736  INFO 4580 --- [io-28852-exec-1] o.s.web.servlet.DispatcherServlet        : Initializing Servlet 'dispatcherServlet'
?[0m?[0;34m2024-04-23 14:50:35.750  INFO 4580 --- [io-28852-exec-1] o.s.web.servlet.DispatcherServlet        : Completed initialization in 13 ms
?[0m?[1;31m
Start test 2?[0m
?[1;31m
Start test 3?[0m
?[1;31m
Start test 4?[0m
?[1;31m
Start test 5?[0m
?[1;31m
Start test 6?[0m
?[1;31m
Start test 7?[0m
?[1;31m
Start test 8?[0m
?[1;31m
Start test 9?[0m
?[1;31m
Start test 10?[0m
?[1;31m
Start test 11?[0m
?[1;31m
Start test 12?[0m
?[1;31m
Start test 13?[0m
?[1;31m
Start test 14?[0m
?[1;31m
Start test 15?[0m
?[1;31m
Start test 16?[0m
?[1;31m
Start test 17?[0m
?[1;31m
Start test 18?[0m
?[1;31m
Start test 19?[0m
?[1;31m
Start test 20?[0m
?[1;31m
Start test 21?[0m
?[1;31m
Start test 22?[0m
?[1;31m
Start test 23?[0m
?[1;31m
Start test 24?[0m
?[1;31m
Start test 25?[0m
?[1;31m
Start test 26?[0m
?[1;31m
Start test 27?[0m
?[1;31m
Start test 28?[0m
?[1;31m
Start test 29?[0m
?[1;31m
Start test 30?[0m
?[1;31m
Start test 31?[0m
?[0;34mFirst saved =DroneMed.models.DroneDispatch@28e59566
?[0m?[0;34mdroneDispatchedStateTask called
?[1;31m
Start test 32?[0m
?[0;34mTimestamp 2024-04-23 14:50:39.3393815 Drone S001 with a battery level of 10000 amps is on a medication delivery.
?[0m?[0;34mlogInfo1 = Timestamp 2024-04-23 14:50:39.3483869 Drone S001 with a battery level of 10000 amps is on medication delivery.
?[0m?[0;34mCurrent Path: D:\JetBrainsWork\Drone Medication API\Drone Medication API\task
?[0m?[0;34mdata = Timestamp 2024-04-23 14:50:39.3483869 Drone S001 with a battery level of 10000 amps is on medication delivery.
?[0m?[0;34mfile = log\dispatchlog.txt
?[0m?[0;34mFirst saved =DroneMed.models.DroneDispatch@4b32357b
?[0m?[0;34mdroneDispatchedStateTask called
?[1;31m
Start test 33?[0m
?[0;34mTimestamp 2024-04-23 14:50:39.4733835 Drone S002 with a battery level of 15000 amps is on a medication delivery.
?[0m?[0;34mlogInfo1 = Timestamp 2024-04-23 14:50:39.4733835 Drone S002 with a battery level of 15000 amps is on medication delivery.
?[0m?[0;34mCurrent Path: D:\JetBrainsWork\Drone Medication API\Drone Medication API\task
?[0m?[0;34mdata = Timestamp 2024-04-23 14:50:39.4733835 Drone S002 with a battery level of 15000 amps is on medication delivery.
?[0m?[0;34mfile = log\dispatchlog.txt
?[1;31m
Start test 34?[0m
?[0;34mdispatchDrone: Optional[DroneMed.models.DroneDispatch@119752e2]
?[1;31m
Start test 35?[0m
?[1;31m
Start test 36?[0m
?[1;31m
Start test 37?[0m
?[1;31m
Start test 38?[0m
?[1;31m
Start test 39?[0m
?[1;31m
Start test 40?[0m
?[1;31m
Start test 41?[0m
?[1;31m
Start test 42?[0m
?[1;31m
Start test 43?[0m
?[1;31m
Start test 44?[0m
?[1;31m
Start test 45?[0m
?[1;31m
Start test 46?[0m
?[1;31m
Start test 47?[0m
?[1;31m
Start test 48?[0m
?[1;31m
Start test 49?[0m
?[1;31m
Start test 50?[0m
?[1;31m
Start test 51?[0m
?[1;31m
Start test 52?[0m
?[1;31m
Start test 53?[0m
?[1;31m
Start test 54?[0m
?[0;34mdispatchDrone: Optional[DroneMed.models.DroneDispatch@3675f41f]
?[1;31m
Start test 55?[0m
?[1;31m
Start test 56?[0m
?[1;31m
Start test 57?[0m
?[1;31m
Start test 58?[0m
?[1;31m
Start test 59?[0m
?[1;31m
Start test 60?[0m
?[1;31m
Start test 61?[0m
?[1;31m
Start test 62?[0m
?[1;31m
Start test 63?[0m
?[1;31m
Start test 64?[0m
?[1;31m
Start test 65?[0m
?[1;31m
Start test 66?[0m
?[1;31m
Start test 67?[0m
?[1;31m
Start test 68?[0m
?[1;31m
Start test 69?[0m
?[1;31m
Start test 70?[0m
?[1;31m
Start test 71?[0m
?[1;31m
Start test 72?[0m
?[1;31m
Start test 73?[0m
?[1;31m
Start test 74?[0m
]]></system-out>
  <system-err><![CDATA[]]></system-err>
</testsuite>
